<?xml version="1.0" encoding="UTF-8"?>
<coverage generated="1506030219874" clover="3.2.0">
  <project timestamp="1506030219874" name="All files">
    <metrics statements="15" coveredstatements="10" conditionals="11" coveredconditionals="6" methods="3" coveredmethods="2" elements="29" coveredelements="18" complexity="0" loc="15" ncloc="15" packages="1" files="2" classes="2">
      <file name="auth.js" path="/Users/Jake/CodeFellows/giggle-react/frontend/src/reducer/auth.js">
        <metrics statements="6" coveredstatements="5" conditionals="4" coveredconditionals="3" methods="1" coveredmethods="1"/>
        <line num="1" count="1" type="cond" truecount="1" falsecount="0"/>
        <line num="2" count="3" type="stmt"/>
        <line num="4" count="2" type="cond" truecount="2" falsecount="1"/>
        <line num="6" count="1" type="stmt"/>
        <line num="8" count="0" type="stmt"/>
        <line num="10" count="1" type="stmt"/>
      </file>
      <file name="booking.js" path="/Users/Jake/CodeFellows/giggle-react/frontend/src/reducer/booking.js">
        <metrics statements="9" coveredstatements="5" conditionals="7" coveredconditionals="3" methods="2" coveredmethods="1"/>
        <line num="2" count="1" type="cond" truecount="1" falsecount="0"/>
        <line num="3" count="2" type="stmt"/>
        <line num="5" count="2" type="cond" truecount="2" falsecount="2"/>
        <line num="7" count="0" type="stmt"/>
        <line num="9" count="1" type="stmt"/>
        <line num="11" count="0" type="stmt"/>
        <line num="12" count="0" type="stmt"/>
        <line num="13" count="0" type="cond" truecount="0" falsecount="2"/>
        <line num="16" count="1" type="stmt"/>
      </file>
    </metrics>
  </project>
</coverage>
