{"/home/ricedude/Projects/401/giggle-react/frontend/src/action/auth-action.js": {"path":"/home/ricedude/Projects/401/giggle-react/frontend/src/action/auth-action.js","statementMap":{"0":{"start":{"line":6,"column":24},"end":{"line":9,"column":2}},"1":{"start":{"line":6,"column":34},"end":{"line":9,"column":1}},"2":{"start":{"line":11,"column":27},"end":{"line":14,"column":1}},"3":{"start":{"line":12,"column":2},"end":{"line":12,"column":35}},"4":{"start":{"line":13,"column":2},"end":{"line":13,"column":32}},"5":{"start":{"line":16,"column":29},"end":{"line":24,"column":1}},"6":{"start":{"line":16,"column":37},"end":{"line":24,"column":1}},"7":{"start":{"line":17,"column":2},"end":{"line":23,"column":4}},"8":{"start":{"line":20,"column":4},"end":{"line":20,"column":51}},"9":{"start":{"line":21,"column":4},"end":{"line":21,"column":45}},"10":{"start":{"line":22,"column":4},"end":{"line":22,"column":15}},"11":{"start":{"line":26,"column":28},"end":{"line":35,"column":1}},"12":{"start":{"line":26,"column":36},"end":{"line":35,"column":1}},"13":{"start":{"line":27,"column":2},"end":{"line":34,"column":5}},"14":{"start":{"line":30,"column":4},"end":{"line":30,"column":51}},"15":{"start":{"line":31,"column":4},"end":{"line":31,"column":45}},"16":{"start":{"line":32,"column":4},"end":{"line":32,"column":42}},"17":{"start":{"line":33,"column":4},"end":{"line":33,"column":15}}},"fnMap":{"0":{"name":"(anonymous_0)","decl":{"start":{"line":6,"column":24},"end":{"line":6,"column":25}},"loc":{"start":{"line":6,"column":34},"end":{"line":9,"column":1}},"line":6},"1":{"name":"(anonymous_1)","decl":{"start":{"line":11,"column":27},"end":{"line":11,"column":28}},"loc":{"start":{"line":11,"column":33},"end":{"line":14,"column":1}},"line":11},"2":{"name":"(anonymous_2)","decl":{"start":{"line":16,"column":29},"end":{"line":16,"column":30}},"loc":{"start":{"line":16,"column":37},"end":{"line":24,"column":1}},"line":16},"3":{"name":"(anonymous_3)","decl":{"start":{"line":16,"column":37},"end":{"line":16,"column":38}},"loc":{"start":{"line":16,"column":49},"end":{"line":24,"column":1}},"line":16},"4":{"name":"(anonymous_4)","decl":{"start":{"line":19,"column":8},"end":{"line":19,"column":9}},"loc":{"start":{"line":19,"column":15},"end":{"line":23,"column":3}},"line":19},"5":{"name":"(anonymous_5)","decl":{"start":{"line":26,"column":28},"end":{"line":26,"column":29}},"loc":{"start":{"line":26,"column":36},"end":{"line":35,"column":1}},"line":26},"6":{"name":"(anonymous_6)","decl":{"start":{"line":26,"column":36},"end":{"line":26,"column":37}},"loc":{"start":{"line":26,"column":48},"end":{"line":35,"column":1}},"line":26},"7":{"name":"(anonymous_7)","decl":{"start":{"line":29,"column":8},"end":{"line":29,"column":9}},"loc":{"start":{"line":29,"column":15},"end":{"line":34,"column":3}},"line":29}},"branchMap":{},"s":{"0":1,"1":1,"2":1,"3":1,"4":1,"5":1,"6":0,"7":0,"8":0,"9":0,"10":0,"11":1,"12":0,"13":0,"14":0,"15":0,"16":0,"17":0},"f":{"0":1,"1":1,"2":0,"3":0,"4":0,"5":0,"6":0,"7":0},"b":{},"_coverageSchema":"332fd63041d2c1bcb487cc26dd0d5f7d97098a6c","hash":"ce27ba6ed5443d20e381df17ff5940fc54c20f31"}
,"/home/ricedude/Projects/401/giggle-react/frontend/src/action/booking-action.js": {"path":"/home/ricedude/Projects/401/giggle-react/frontend/src/action/booking-action.js","statementMap":{"0":{"start":{"line":3,"column":29},"end":{"line":6,"column":2}},"1":{"start":{"line":3,"column":41},"end":{"line":6,"column":1}},"2":{"start":{"line":8,"column":29},"end":{"line":11,"column":2}},"3":{"start":{"line":8,"column":41},"end":{"line":11,"column":1}},"4":{"start":{"line":13,"column":28},"end":{"line":16,"column":2}},"5":{"start":{"line":13,"column":41},"end":{"line":16,"column":1}},"6":{"start":{"line":18,"column":30},"end":{"line":27,"column":1}},"7":{"start":{"line":18,"column":41},"end":{"line":27,"column":1}},"8":{"start":{"line":19,"column":26},"end":{"line":19,"column":36}},"9":{"start":{"line":20,"column":2},"end":{"line":20,"column":36}},"10":{"start":{"line":22,"column":2},"end":{"line":22,"column":40}},"11":{"start":{"line":23,"column":2},"end":{"line":26,"column":5}},"12":{"start":{"line":24,"column":4},"end":{"line":24,"column":44}},"13":{"start":{"line":25,"column":4},"end":{"line":25,"column":37}},"14":{"start":{"line":29,"column":30},"end":{"line":38,"column":1}},"15":{"start":{"line":29,"column":41},"end":{"line":38,"column":1}},"16":{"start":{"line":30,"column":26},"end":{"line":30,"column":36}},"17":{"start":{"line":31,"column":2},"end":{"line":33,"column":30}},"18":{"start":{"line":35,"column":2},"end":{"line":35,"column":36}},"19":{"start":{"line":37,"column":2},"end":{"line":37,"column":40}},"20":{"start":{"line":40,"column":36},"end":{"line":48,"column":1}},"21":{"start":{"line":40,"column":47},"end":{"line":48,"column":1}},"22":{"start":{"line":41,"column":26},"end":{"line":41,"column":36}},"23":{"start":{"line":42,"column":2},"end":{"line":42,"column":36}},"24":{"start":{"line":44,"column":2},"end":{"line":44,"column":40}},"25":{"start":{"line":45,"column":2},"end":{"line":47,"column":5}},"26":{"start":{"line":46,"column":4},"end":{"line":46,"column":37}},"27":{"start":{"line":50,"column":36},"end":{"line":60,"column":1}},"28":{"start":{"line":50,"column":42},"end":{"line":60,"column":1}},"29":{"start":{"line":51,"column":16},"end":{"line":51,"column":26}},"30":{"start":{"line":53,"column":2},"end":{"line":59,"column":4}},"31":{"start":{"line":56,"column":4},"end":{"line":56,"column":42}},"32":{"start":{"line":56,"column":14},"end":{"line":56,"column":42}},"33":{"start":{"line":57,"column":4},"end":{"line":57,"column":37}},"34":{"start":{"line":58,"column":4},"end":{"line":58,"column":15}}},"fnMap":{"0":{"name":"(anonymous_0)","decl":{"start":{"line":3,"column":29},"end":{"line":3,"column":30}},"loc":{"start":{"line":3,"column":41},"end":{"line":6,"column":1}},"line":3},"1":{"name":"(anonymous_1)","decl":{"start":{"line":8,"column":29},"end":{"line":8,"column":30}},"loc":{"start":{"line":8,"column":41},"end":{"line":11,"column":1}},"line":8},"2":{"name":"(anonymous_2)","decl":{"start":{"line":13,"column":28},"end":{"line":13,"column":29}},"loc":{"start":{"line":13,"column":41},"end":{"line":16,"column":1}},"line":13},"3":{"name":"(anonymous_3)","decl":{"start":{"line":18,"column":30},"end":{"line":18,"column":31}},"loc":{"start":{"line":18,"column":41},"end":{"line":27,"column":1}},"line":18},"4":{"name":"(anonymous_4)","decl":{"start":{"line":18,"column":41},"end":{"line":18,"column":42}},"loc":{"start":{"line":18,"column":65},"end":{"line":27,"column":1}},"line":18},"5":{"name":"(anonymous_5)","decl":{"start":{"line":23,"column":46},"end":{"line":23,"column":47}},"loc":{"start":{"line":23,"column":57},"end":{"line":26,"column":3}},"line":23},"6":{"name":"(anonymous_6)","decl":{"start":{"line":29,"column":30},"end":{"line":29,"column":31}},"loc":{"start":{"line":29,"column":41},"end":{"line":38,"column":1}},"line":29},"7":{"name":"(anonymous_7)","decl":{"start":{"line":29,"column":41},"end":{"line":29,"column":42}},"loc":{"start":{"line":29,"column":65},"end":{"line":38,"column":1}},"line":29},"8":{"name":"(anonymous_8)","decl":{"start":{"line":40,"column":36},"end":{"line":40,"column":37}},"loc":{"start":{"line":40,"column":47},"end":{"line":48,"column":1}},"line":40},"9":{"name":"(anonymous_9)","decl":{"start":{"line":40,"column":47},"end":{"line":40,"column":48}},"loc":{"start":{"line":40,"column":71},"end":{"line":48,"column":1}},"line":40},"10":{"name":"(anonymous_10)","decl":{"start":{"line":45,"column":49},"end":{"line":45,"column":50}},"loc":{"start":{"line":45,"column":60},"end":{"line":47,"column":3}},"line":45},"11":{"name":"(anonymous_11)","decl":{"start":{"line":50,"column":36},"end":{"line":50,"column":37}},"loc":{"start":{"line":50,"column":42},"end":{"line":60,"column":1}},"line":50},"12":{"name":"(anonymous_12)","decl":{"start":{"line":50,"column":42},"end":{"line":50,"column":43}},"loc":{"start":{"line":50,"column":66},"end":{"line":60,"column":1}},"line":50},"13":{"name":"(anonymous_13)","decl":{"start":{"line":55,"column":7},"end":{"line":55,"column":8}},"loc":{"start":{"line":55,"column":23},"end":{"line":59,"column":3}},"line":55}},"branchMap":{"0":{"loc":{"start":{"line":31,"column":2},"end":{"line":33,"column":29}},"type":"cond-expr","locations":[{"start":{"line":32,"column":2},"end":{"line":32,"column":28}},{"start":{"line":33,"column":2},"end":{"line":33,"column":29}}],"line":31},"1":{"loc":{"start":{"line":56,"column":4},"end":{"line":56,"column":42}},"type":"if","locations":[{"start":{"line":56,"column":4},"end":{"line":56,"column":42}},{"start":{"line":56,"column":4},"end":{"line":56,"column":42}}],"line":56}},"s":{"0":3,"1":1,"2":3,"3":1,"4":3,"5":1,"6":3,"7":0,"8":0,"9":0,"10":0,"11":0,"12":0,"13":0,"14":3,"15":0,"16":0,"17":0,"18":0,"19":0,"20":3,"21":0,"22":0,"23":0,"24":0,"25":0,"26":0,"27":3,"28":0,"29":0,"30":0,"31":0,"32":0,"33":0,"34":0},"f":{"0":1,"1":1,"2":1,"3":0,"4":0,"5":0,"6":0,"7":0,"8":0,"9":0,"10":0,"11":0,"12":0,"13":0},"b":{"0":[0,0],"1":[0,0]},"_coverageSchema":"332fd63041d2c1bcb487cc26dd0d5f7d97098a6c","hash":"1ac9104a8340090874cd0cabb59204ef90bea1c2"}
,"/home/ricedude/Projects/401/giggle-react/frontend/src/action/convo-action.js": {"path":"/home/ricedude/Projects/401/giggle-react/frontend/src/action/convo-action.js","statementMap":{"0":{"start":{"line":3,"column":26},"end":{"line":6,"column":2}},"1":{"start":{"line":3,"column":37},"end":{"line":6,"column":1}},"2":{"start":{"line":8,"column":27},"end":{"line":11,"column":2}},"3":{"start":{"line":8,"column":44},"end":{"line":11,"column":1}},"4":{"start":{"line":13,"column":27},"end":{"line":16,"column":2}},"5":{"start":{"line":13,"column":44},"end":{"line":16,"column":1}},"6":{"start":{"line":18,"column":29},"end":{"line":28,"column":1}},"7":{"start":{"line":18,"column":35},"end":{"line":28,"column":1}},"8":{"start":{"line":19,"column":16},"end":{"line":19,"column":26}},"9":{"start":{"line":21,"column":2},"end":{"line":27,"column":36}},"10":{"start":{"line":24,"column":4},"end":{"line":24,"column":35}},"11":{"start":{"line":25,"column":4},"end":{"line":25,"column":15}},"12":{"start":{"line":27,"column":16},"end":{"line":27,"column":34}},"13":{"start":{"line":30,"column":24},"end":{"line":34,"column":1}},"14":{"start":{"line":30,"column":32},"end":{"line":34,"column":1}},"15":{"start":{"line":31,"column":17},"end":{"line":31,"column":27}},"16":{"start":{"line":32,"column":2},"end":{"line":32,"column":28}},"17":{"start":{"line":33,"column":2},"end":{"line":33,"column":34}}},"fnMap":{"0":{"name":"(anonymous_0)","decl":{"start":{"line":3,"column":26},"end":{"line":3,"column":27}},"loc":{"start":{"line":3,"column":37},"end":{"line":6,"column":1}},"line":3},"1":{"name":"(anonymous_1)","decl":{"start":{"line":8,"column":27},"end":{"line":8,"column":28}},"loc":{"start":{"line":8,"column":44},"end":{"line":11,"column":1}},"line":8},"2":{"name":"(anonymous_2)","decl":{"start":{"line":13,"column":27},"end":{"line":13,"column":28}},"loc":{"start":{"line":13,"column":44},"end":{"line":16,"column":1}},"line":13},"3":{"name":"(anonymous_3)","decl":{"start":{"line":18,"column":29},"end":{"line":18,"column":30}},"loc":{"start":{"line":18,"column":35},"end":{"line":28,"column":1}},"line":18},"4":{"name":"(anonymous_4)","decl":{"start":{"line":18,"column":35},"end":{"line":18,"column":36}},"loc":{"start":{"line":18,"column":59},"end":{"line":28,"column":1}},"line":18},"5":{"name":"(anonymous_5)","decl":{"start":{"line":23,"column":8},"end":{"line":23,"column":9}},"loc":{"start":{"line":23,"column":15},"end":{"line":26,"column":3}},"line":23},"6":{"name":"(anonymous_6)","decl":{"start":{"line":27,"column":9},"end":{"line":27,"column":10}},"loc":{"start":{"line":27,"column":16},"end":{"line":27,"column":34}},"line":27},"7":{"name":"(anonymous_7)","decl":{"start":{"line":30,"column":24},"end":{"line":30,"column":25}},"loc":{"start":{"line":30,"column":32},"end":{"line":34,"column":1}},"line":30},"8":{"name":"(anonymous_8)","decl":{"start":{"line":30,"column":32},"end":{"line":30,"column":33}},"loc":{"start":{"line":30,"column":56},"end":{"line":34,"column":1}},"line":30}},"branchMap":{},"s":{"0":4,"1":1,"2":4,"3":1,"4":4,"5":1,"6":4,"7":0,"8":0,"9":0,"10":0,"11":0,"12":0,"13":4,"14":0,"15":0,"16":0,"17":0},"f":{"0":1,"1":1,"2":1,"3":0,"4":0,"5":0,"6":0,"7":0,"8":0},"b":{},"_coverageSchema":"332fd63041d2c1bcb487cc26dd0d5f7d97098a6c","hash":"19f534f8fd96d02b7b32835fe7409789a6433c73"}
,"/home/ricedude/Projects/401/giggle-react/frontend/src/action/message-action.js": {"path":"/home/ricedude/Projects/401/giggle-react/frontend/src/action/message-action.js","statementMap":{"0":{"start":{"line":2,"column":29},"end":{"line":5,"column":2}},"1":{"start":{"line":2,"column":41},"end":{"line":5,"column":1}},"2":{"start":{"line":7,"column":33},"end":{"line":11,"column":1}},"3":{"start":{"line":7,"column":44},"end":{"line":11,"column":1}},"4":{"start":{"line":8,"column":17},"end":{"line":8,"column":27}},"5":{"start":{"line":10,"column":2},"end":{"line":10,"column":44}}},"fnMap":{"0":{"name":"(anonymous_0)","decl":{"start":{"line":2,"column":29},"end":{"line":2,"column":30}},"loc":{"start":{"line":2,"column":41},"end":{"line":5,"column":1}},"line":2},"1":{"name":"(anonymous_1)","decl":{"start":{"line":7,"column":33},"end":{"line":7,"column":34}},"loc":{"start":{"line":7,"column":44},"end":{"line":11,"column":1}},"line":7},"2":{"name":"(anonymous_2)","decl":{"start":{"line":7,"column":44},"end":{"line":7,"column":45}},"loc":{"start":{"line":7,"column":68},"end":{"line":11,"column":1}},"line":7}},"branchMap":{},"s":{"0":4,"1":1,"2":4,"3":0,"4":0,"5":0},"f":{"0":1,"1":0,"2":0},"b":{},"_coverageSchema":"332fd63041d2c1bcb487cc26dd0d5f7d97098a6c","hash":"a8d9340ca2fdbe401e0ea75d587c6345ed938b54"}
,"/home/ricedude/Projects/401/giggle-react/frontend/src/action/profile-action.js": {"path":"/home/ricedude/Projects/401/giggle-react/frontend/src/action/profile-action.js","statementMap":{"0":{"start":{"line":6,"column":29},"end":{"line":9,"column":2}},"1":{"start":{"line":6,"column":41},"end":{"line":9,"column":1}},"2":{"start":{"line":11,"column":29},"end":{"line":14,"column":2}},"3":{"start":{"line":11,"column":41},"end":{"line":14,"column":1}},"4":{"start":{"line":16,"column":29},"end":{"line":18,"column":2}},"5":{"start":{"line":16,"column":36},"end":{"line":18,"column":1}},"6":{"start":{"line":20,"column":26},"end":{"line":34,"column":1}},"7":{"start":{"line":20,"column":32},"end":{"line":34,"column":1}},"8":{"start":{"line":21,"column":16},"end":{"line":21,"column":26}},"9":{"start":{"line":23,"column":2},"end":{"line":33,"column":4}},"10":{"start":{"line":26,"column":4},"end":{"line":31,"column":5}},"11":{"start":{"line":27,"column":6},"end":{"line":27,"column":40}},"12":{"start":{"line":28,"column":6},"end":{"line":28,"column":54}},"13":{"start":{"line":29,"column":6},"end":{"line":29,"column":54}},"14":{"start":{"line":30,"column":6},"end":{"line":30,"column":17}},"15":{"start":{"line":32,"column":4},"end":{"line":32,"column":16}},"16":{"start":{"line":36,"column":26},"end":{"line":46,"column":1}},"17":{"start":{"line":36,"column":37},"end":{"line":46,"column":1}},"18":{"start":{"line":37,"column":16},"end":{"line":37,"column":26}},"19":{"start":{"line":39,"column":2},"end":{"line":45,"column":5}},"20":{"start":{"line":43,"column":4},"end":{"line":43,"column":38}},"21":{"start":{"line":44,"column":4},"end":{"line":44,"column":15}},"22":{"start":{"line":48,"column":27},"end":{"line":61,"column":1}},"23":{"start":{"line":48,"column":38},"end":{"line":61,"column":1}},"24":{"start":{"line":49,"column":16},"end":{"line":49,"column":26}},"25":{"start":{"line":50,"column":2},"end":{"line":60,"column":21}},"26":{"start":{"line":54,"column":4},"end":{"line":58,"column":5}},"27":{"start":{"line":55,"column":6},"end":{"line":55,"column":40}},"28":{"start":{"line":56,"column":6},"end":{"line":56,"column":54}},"29":{"start":{"line":57,"column":6},"end":{"line":57,"column":17}},"30":{"start":{"line":60,"column":16},"end":{"line":60,"column":19}},"31":{"start":{"line":63,"column":30},"end":{"line":81,"column":1}},"32":{"start":{"line":63,"column":36},"end":{"line":81,"column":1}},"33":{"start":{"line":64,"column":16},"end":{"line":64,"column":26}},"34":{"start":{"line":66,"column":2},"end":{"line":80,"column":5}},"35":{"start":{"line":67,"column":4},"end":{"line":70,"column":6}},"36":{"start":{"line":68,"column":21},"end":{"line":68,"column":29}},"37":{"start":{"line":69,"column":6},"end":{"line":69,"column":51}},"38":{"start":{"line":73,"column":4},"end":{"line":75,"column":21}},"39":{"start":{"line":78,"column":4},"end":{"line":78,"column":38}},"40":{"start":{"line":79,"column":4},"end":{"line":79,"column":15}},"41":{"start":{"line":83,"column":25},"end":{"line":90,"column":1}},"42":{"start":{"line":83,"column":51},"end":{"line":90,"column":1}},"43":{"start":{"line":84,"column":16},"end":{"line":84,"column":26}},"44":{"start":{"line":85,"column":2},"end":{"line":89,"column":5}},"45":{"start":{"line":88,"column":4},"end":{"line":88,"column":26}}},"fnMap":{"0":{"name":"(anonymous_0)","decl":{"start":{"line":6,"column":29},"end":{"line":6,"column":30}},"loc":{"start":{"line":6,"column":41},"end":{"line":9,"column":1}},"line":6},"1":{"name":"(anonymous_1)","decl":{"start":{"line":11,"column":29},"end":{"line":11,"column":30}},"loc":{"start":{"line":11,"column":41},"end":{"line":14,"column":1}},"line":11},"2":{"name":"(anonymous_2)","decl":{"start":{"line":16,"column":29},"end":{"line":16,"column":30}},"loc":{"start":{"line":16,"column":36},"end":{"line":18,"column":1}},"line":16},"3":{"name":"(anonymous_3)","decl":{"start":{"line":20,"column":26},"end":{"line":20,"column":27}},"loc":{"start":{"line":20,"column":32},"end":{"line":34,"column":1}},"line":20},"4":{"name":"(anonymous_4)","decl":{"start":{"line":20,"column":32},"end":{"line":20,"column":33}},"loc":{"start":{"line":20,"column":56},"end":{"line":34,"column":1}},"line":20},"5":{"name":"(anonymous_5)","decl":{"start":{"line":25,"column":8},"end":{"line":25,"column":9}},"loc":{"start":{"line":25,"column":15},"end":{"line":33,"column":3}},"line":25},"6":{"name":"(anonymous_6)","decl":{"start":{"line":36,"column":26},"end":{"line":36,"column":27}},"loc":{"start":{"line":36,"column":37},"end":{"line":46,"column":1}},"line":36},"7":{"name":"(anonymous_7)","decl":{"start":{"line":36,"column":37},"end":{"line":36,"column":38}},"loc":{"start":{"line":36,"column":61},"end":{"line":46,"column":1}},"line":36},"8":{"name":"(anonymous_8)","decl":{"start":{"line":42,"column":8},"end":{"line":42,"column":9}},"loc":{"start":{"line":42,"column":15},"end":{"line":45,"column":3}},"line":42},"9":{"name":"(anonymous_9)","decl":{"start":{"line":48,"column":27},"end":{"line":48,"column":28}},"loc":{"start":{"line":48,"column":38},"end":{"line":61,"column":1}},"line":48},"10":{"name":"(anonymous_10)","decl":{"start":{"line":48,"column":38},"end":{"line":48,"column":39}},"loc":{"start":{"line":48,"column":62},"end":{"line":61,"column":1}},"line":48},"11":{"name":"(anonymous_11)","decl":{"start":{"line":53,"column":8},"end":{"line":53,"column":9}},"loc":{"start":{"line":53,"column":15},"end":{"line":59,"column":3}},"line":53},"12":{"name":"(anonymous_12)","decl":{"start":{"line":60,"column":9},"end":{"line":60,"column":10}},"loc":{"start":{"line":60,"column":16},"end":{"line":60,"column":19}},"line":60},"13":{"name":"(anonymous_13)","decl":{"start":{"line":63,"column":30},"end":{"line":63,"column":31}},"loc":{"start":{"line":63,"column":36},"end":{"line":81,"column":1}},"line":63},"14":{"name":"(anonymous_14)","decl":{"start":{"line":63,"column":36},"end":{"line":63,"column":37}},"loc":{"start":{"line":63,"column":60},"end":{"line":81,"column":1}},"line":63},"15":{"name":"(anonymous_15)","decl":{"start":{"line":66,"column":21},"end":{"line":66,"column":22}},"loc":{"start":{"line":66,"column":34},"end":{"line":71,"column":3}},"line":66},"16":{"name":"(anonymous_16)","decl":{"start":{"line":67,"column":45},"end":{"line":67,"column":46}},"loc":{"start":{"line":67,"column":57},"end":{"line":70,"column":5}},"line":67},"17":{"name":"(anonymous_17)","decl":{"start":{"line":72,"column":8},"end":{"line":72,"column":9}},"loc":{"start":{"line":72,"column":20},"end":{"line":76,"column":3}},"line":72},"18":{"name":"(anonymous_18)","decl":{"start":{"line":77,"column":8},"end":{"line":77,"column":9}},"loc":{"start":{"line":77,"column":15},"end":{"line":80,"column":3}},"line":77},"19":{"name":"(anonymous_19)","decl":{"start":{"line":83,"column":25},"end":{"line":83,"column":26}},"loc":{"start":{"line":83,"column":51},"end":{"line":90,"column":1}},"line":83},"20":{"name":"(anonymous_20)","decl":{"start":{"line":83,"column":51},"end":{"line":83,"column":52}},"loc":{"start":{"line":83,"column":75},"end":{"line":90,"column":1}},"line":83},"21":{"name":"(anonymous_21)","decl":{"start":{"line":87,"column":8},"end":{"line":87,"column":9}},"loc":{"start":{"line":87,"column":15},"end":{"line":89,"column":3}},"line":87}},"branchMap":{"0":{"loc":{"start":{"line":26,"column":4},"end":{"line":31,"column":5}},"type":"if","locations":[{"start":{"line":26,"column":4},"end":{"line":31,"column":5}},{"start":{"line":26,"column":4},"end":{"line":31,"column":5}}],"line":26},"1":{"loc":{"start":{"line":54,"column":4},"end":{"line":58,"column":5}},"type":"if","locations":[{"start":{"line":54,"column":4},"end":{"line":58,"column":5}},{"start":{"line":54,"column":4},"end":{"line":58,"column":5}}],"line":54},"2":{"loc":{"start":{"line":83,"column":38},"end":{"line":83,"column":46}},"type":"default-arg","locations":[{"start":{"line":83,"column":44},"end":{"line":83,"column":46}}],"line":83}},"s":{"0":2,"1":1,"2":2,"3":1,"4":2,"5":1,"6":2,"7":0,"8":0,"9":0,"10":0,"11":0,"12":0,"13":0,"14":0,"15":0,"16":2,"17":0,"18":0,"19":0,"20":0,"21":0,"22":2,"23":0,"24":0,"25":0,"26":0,"27":0,"28":0,"29":0,"30":0,"31":2,"32":0,"33":0,"34":0,"35":0,"36":0,"37":0,"38":0,"39":0,"40":0,"41":2,"42":0,"43":0,"44":0,"45":0},"f":{"0":1,"1":1,"2":1,"3":0,"4":0,"5":0,"6":0,"7":0,"8":0,"9":0,"10":0,"11":0,"12":0,"13":0,"14":0,"15":0,"16":0,"17":0,"18":0,"19":0,"20":0,"21":0},"b":{"0":[0,0],"1":[0,0],"2":[0]},"_coverageSchema":"332fd63041d2c1bcb487cc26dd0d5f7d97098a6c","hash":"5f1ed3c2351479ebe36c8bde7d9f6302811759bd"}
,"/home/ricedude/Projects/401/giggle-react/frontend/src/action/profile-query-action.js": {"path":"/home/ricedude/Projects/401/giggle-react/frontend/src/action/profile-query-action.js","statementMap":{"0":{"start":{"line":1,"column":34},"end":{"line":4,"column":2}},"1":{"start":{"line":1,"column":44},"end":{"line":4,"column":1}}},"fnMap":{"0":{"name":"(anonymous_0)","decl":{"start":{"line":1,"column":34},"end":{"line":1,"column":35}},"loc":{"start":{"line":1,"column":44},"end":{"line":4,"column":1}},"line":1}},"branchMap":{},"s":{"0":1,"1":1},"f":{"0":1},"b":{},"_coverageSchema":"332fd63041d2c1bcb487cc26dd0d5f7d97098a6c","hash":"7c934bc40e10dea20964930e43de290813214e6c"}
,"/home/ricedude/Projects/401/giggle-react/frontend/src/action/socket-action.js": {"path":"/home/ricedude/Projects/401/giggle-react/frontend/src/action/socket-action.js","statementMap":{"0":{"start":{"line":6,"column":25},"end":{"line":9,"column":2}},"1":{"start":{"line":6,"column":36},"end":{"line":9,"column":1}},"2":{"start":{"line":11,"column":28},"end":{"line":13,"column":2}},"3":{"start":{"line":11,"column":35},"end":{"line":13,"column":1}},"4":{"start":{"line":15,"column":29},"end":{"line":32,"column":1}},"5":{"start":{"line":15,"column":40},"end":{"line":32,"column":1}},"6":{"start":{"line":16,"column":17},"end":{"line":16,"column":33}},"7":{"start":{"line":17,"column":17},"end":{"line":17,"column":27}},"8":{"start":{"line":18,"column":2},"end":{"line":30,"column":3}},"9":{"start":{"line":19,"column":17},"end":{"line":19,"column":44}},"10":{"start":{"line":21,"column":4},"end":{"line":23,"column":6}},"11":{"start":{"line":22,"column":6},"end":{"line":22,"column":48}},"12":{"start":{"line":24,"column":4},"end":{"line":27,"column":6}},"13":{"start":{"line":25,"column":6},"end":{"line":25,"column":42}},"14":{"start":{"line":26,"column":6},"end":{"line":26,"column":46}},"15":{"start":{"line":29,"column":4},"end":{"line":29,"column":32}}},"fnMap":{"0":{"name":"(anonymous_0)","decl":{"start":{"line":6,"column":25},"end":{"line":6,"column":26}},"loc":{"start":{"line":6,"column":36},"end":{"line":9,"column":1}},"line":6},"1":{"name":"(anonymous_1)","decl":{"start":{"line":11,"column":28},"end":{"line":11,"column":29}},"loc":{"start":{"line":11,"column":35},"end":{"line":13,"column":1}},"line":11},"2":{"name":"(anonymous_2)","decl":{"start":{"line":15,"column":29},"end":{"line":15,"column":30}},"loc":{"start":{"line":15,"column":40},"end":{"line":32,"column":1}},"line":15},"3":{"name":"(anonymous_3)","decl":{"start":{"line":15,"column":40},"end":{"line":15,"column":41}},"loc":{"start":{"line":15,"column":64},"end":{"line":32,"column":1}},"line":15},"4":{"name":"(anonymous_4)","decl":{"start":{"line":21,"column":42},"end":{"line":21,"column":43}},"loc":{"start":{"line":21,"column":51},"end":{"line":23,"column":5}},"line":21},"5":{"name":"(anonymous_5)","decl":{"start":{"line":24,"column":41},"end":{"line":24,"column":42}},"loc":{"start":{"line":24,"column":48},"end":{"line":27,"column":5}},"line":24}},"branchMap":{"0":{"loc":{"start":{"line":18,"column":2},"end":{"line":30,"column":3}},"type":"if","locations":[{"start":{"line":18,"column":2},"end":{"line":30,"column":3}},{"start":{"line":18,"column":2},"end":{"line":30,"column":3}}],"line":18},"1":{"loc":{"start":{"line":18,"column":5},"end":{"line":18,"column":23}},"type":"binary-expr","locations":[{"start":{"line":18,"column":5},"end":{"line":18,"column":12}},{"start":{"line":18,"column":16},"end":{"line":18,"column":23}}],"line":18}},"s":{"0":3,"1":1,"2":3,"3":1,"4":3,"5":0,"6":0,"7":0,"8":0,"9":0,"10":0,"11":0,"12":0,"13":0,"14":0,"15":0},"f":{"0":1,"1":1,"2":0,"3":0,"4":0,"5":0},"b":{"0":[0,0],"1":[0,0]},"_coverageSchema":"332fd63041d2c1bcb487cc26dd0d5f7d97098a6c","hash":"7c536c0e644b436cbcdd9543db5932973a60acb8"}
,"/home/ricedude/Projects/401/giggle-react/frontend/src/action/token.js": {"path":"/home/ricedude/Projects/401/giggle-react/frontend/src/action/token.js","statementMap":{"0":{"start":{"line":4,"column":21},"end":{"line":7,"column":2}},"1":{"start":{"line":4,"column":33},"end":{"line":7,"column":1}},"2":{"start":{"line":9,"column":22},"end":{"line":11,"column":2}},"3":{"start":{"line":9,"column":29},"end":{"line":11,"column":1}}},"fnMap":{"0":{"name":"(anonymous_0)","decl":{"start":{"line":4,"column":21},"end":{"line":4,"column":22}},"loc":{"start":{"line":4,"column":33},"end":{"line":7,"column":1}},"line":4},"1":{"name":"(anonymous_1)","decl":{"start":{"line":9,"column":22},"end":{"line":9,"column":23}},"loc":{"start":{"line":9,"column":29},"end":{"line":11,"column":1}},"line":9}},"branchMap":{},"s":{"0":1,"1":1,"2":1,"3":1},"f":{"0":1,"1":1},"b":{},"_coverageSchema":"332fd63041d2c1bcb487cc26dd0d5f7d97098a6c","hash":"221522c17b181c0e6f924ef8a71c003bdf39880f"}
,"/home/ricedude/Projects/401/giggle-react/frontend/src/lib/util.js": {"path":"/home/ricedude/Projects/401/giggle-react/frontend/src/lib/util.js","statementMap":{"0":{"start":{"line":1,"column":30},"end":{"line":14,"column":1}},"1":{"start":{"line":2,"column":2},"end":{"line":13,"column":4}},"2":{"start":{"line":3,"column":17},"end":{"line":3,"column":33}},"3":{"start":{"line":4,"column":4},"end":{"line":6,"column":6}},"4":{"start":{"line":5,"column":6},"end":{"line":5,"column":28}},"5":{"start":{"line":7,"column":4},"end":{"line":9,"column":6}},"6":{"start":{"line":8,"column":6},"end":{"line":8,"column":26}},"7":{"start":{"line":10,"column":4},"end":{"line":11,"column":39}},"8":{"start":{"line":11,"column":6},"end":{"line":11,"column":39}},"9":{"start":{"line":12,"column":4},"end":{"line":12,"column":58}},"10":{"start":{"line":17,"column":26},"end":{"line":26,"column":1}},"11":{"start":{"line":18,"column":14},"end":{"line":18,"column":24}},"12":{"start":{"line":19,"column":10},"end":{"line":19,"column":36}},"13":{"start":{"line":20,"column":1},"end":{"line":24,"column":2}},"14":{"start":{"line":21,"column":10},"end":{"line":21,"column":15}},"15":{"start":{"line":22,"column":2},"end":{"line":22,"column":55}},"16":{"start":{"line":22,"column":27},"end":{"line":22,"column":55}},"17":{"start":{"line":23,"column":2},"end":{"line":23,"column":73}},"18":{"start":{"line":23,"column":30},"end":{"line":23,"column":73}},"19":{"start":{"line":25,"column":1},"end":{"line":25,"column":13}},"20":{"start":{"line":28,"column":28},"end":{"line":36,"column":1}},"21":{"start":{"line":29,"column":1},"end":{"line":34,"column":23}},"22":{"start":{"line":30,"column":13},"end":{"line":30,"column":23}},"23":{"start":{"line":31,"column":2},"end":{"line":31,"column":52}},"24":{"start":{"line":32,"column":16},"end":{"line":32,"column":47}},"25":{"start":{"line":34,"column":20},"end":{"line":34,"column":22}},"26":{"start":{"line":35,"column":1},"end":{"line":35,"column":53}},"27":{"start":{"line":38,"column":29},"end":{"line":40,"column":1}},"28":{"start":{"line":39,"column":1},"end":{"line":39,"column":26}},"29":{"start":{"line":42,"column":19},"end":{"line":43,"column":46}},"30":{"start":{"line":43,"column":2},"end":{"line":43,"column":46}},"31":{"start":{"line":45,"column":24},"end":{"line":46,"column":48}},"32":{"start":{"line":46,"column":2},"end":{"line":46,"column":48}},"33":{"start":{"line":48,"column":24},"end":{"line":49,"column":30}},"34":{"start":{"line":49,"column":2},"end":{"line":49,"column":30}},"35":{"start":{"line":51,"column":28},"end":{"line":52,"column":58}},"36":{"start":{"line":52,"column":2},"end":{"line":52,"column":58}},"37":{"start":{"line":52,"column":36},"end":{"line":52,"column":47}}},"fnMap":{"0":{"name":"(anonymous_0)","decl":{"start":{"line":1,"column":30},"end":{"line":1,"column":31}},"loc":{"start":{"line":1,"column":40},"end":{"line":14,"column":1}},"line":1},"1":{"name":"(anonymous_1)","decl":{"start":{"line":2,"column":21},"end":{"line":2,"column":22}},"loc":{"start":{"line":2,"column":42},"end":{"line":13,"column":3}},"line":2},"2":{"name":"(anonymous_2)","decl":{"start":{"line":4,"column":36},"end":{"line":4,"column":37}},"loc":{"start":{"line":4,"column":42},"end":{"line":6,"column":5}},"line":4},"3":{"name":"(anonymous_3)","decl":{"start":{"line":7,"column":37},"end":{"line":7,"column":38}},"loc":{"start":{"line":7,"column":43},"end":{"line":9,"column":5}},"line":7},"4":{"name":"(anonymous_4)","decl":{"start":{"line":17,"column":26},"end":{"line":17,"column":27}},"loc":{"start":{"line":17,"column":36},"end":{"line":26,"column":1}},"line":17},"5":{"name":"(anonymous_5)","decl":{"start":{"line":28,"column":28},"end":{"line":28,"column":29}},"loc":{"start":{"line":28,"column":49},"end":{"line":36,"column":1}},"line":28},"6":{"name":"(anonymous_6)","decl":{"start":{"line":38,"column":29},"end":{"line":38,"column":30}},"loc":{"start":{"line":38,"column":39},"end":{"line":40,"column":1}},"line":38},"7":{"name":"(anonymous_7)","decl":{"start":{"line":42,"column":19},"end":{"line":42,"column":20}},"loc":{"start":{"line":43,"column":2},"end":{"line":43,"column":46}},"line":43},"8":{"name":"(anonymous_8)","decl":{"start":{"line":45,"column":24},"end":{"line":45,"column":25}},"loc":{"start":{"line":46,"column":2},"end":{"line":46,"column":48}},"line":46},"9":{"name":"(anonymous_9)","decl":{"start":{"line":48,"column":24},"end":{"line":48,"column":25}},"loc":{"start":{"line":49,"column":2},"end":{"line":49,"column":30}},"line":49},"10":{"name":"(anonymous_10)","decl":{"start":{"line":51,"column":28},"end":{"line":51,"column":29}},"loc":{"start":{"line":52,"column":2},"end":{"line":52,"column":58}},"line":52},"11":{"name":"(anonymous_11)","decl":{"start":{"line":52,"column":29},"end":{"line":52,"column":30}},"loc":{"start":{"line":52,"column":36},"end":{"line":52,"column":47}},"line":52}},"branchMap":{"0":{"loc":{"start":{"line":10,"column":4},"end":{"line":11,"column":39}},"type":"if","locations":[{"start":{"line":10,"column":4},"end":{"line":11,"column":39}},{"start":{"line":10,"column":4},"end":{"line":11,"column":39}}],"line":10},"1":{"loc":{"start":{"line":23,"column":2},"end":{"line":23,"column":73}},"type":"if","locations":[{"start":{"line":23,"column":2},"end":{"line":23,"column":73}},{"start":{"line":23,"column":2},"end":{"line":23,"column":73}}],"line":23},"2":{"loc":{"start":{"line":29,"column":1},"end":{"line":34,"column":23}},"type":"if","locations":[{"start":{"line":29,"column":1},"end":{"line":34,"column":23}},{"start":{"line":29,"column":1},"end":{"line":34,"column":23}}],"line":29},"3":{"loc":{"start":{"line":43,"column":2},"end":{"line":43,"column":46}},"type":"cond-expr","locations":[{"start":{"line":43,"column":14},"end":{"line":43,"column":34}},{"start":{"line":43,"column":37},"end":{"line":43,"column":46}}],"line":43},"4":{"loc":{"start":{"line":46,"column":2},"end":{"line":46,"column":48}},"type":"cond-expr","locations":[{"start":{"line":46,"column":14},"end":{"line":46,"column":36}},{"start":{"line":46,"column":39},"end":{"line":46,"column":48}}],"line":46},"5":{"loc":{"start":{"line":49,"column":2},"end":{"line":49,"column":30}},"type":"cond-expr","locations":[{"start":{"line":49,"column":9},"end":{"line":49,"column":18}},{"start":{"line":49,"column":21},"end":{"line":49,"column":30}}],"line":49}},"s":{"0":2,"1":0,"2":0,"3":0,"4":0,"5":0,"6":0,"7":0,"8":0,"9":0,"10":2,"11":0,"12":0,"13":0,"14":0,"15":0,"16":0,"17":0,"18":0,"19":0,"20":2,"21":1,"22":1,"23":1,"24":1,"25":0,"26":1,"27":2,"28":1,"29":2,"30":0,"31":2,"32":0,"33":2,"34":0,"35":2,"36":0,"37":0},"f":{"0":0,"1":0,"2":0,"3":0,"4":0,"5":1,"6":1,"7":0,"8":0,"9":0,"10":0,"11":0},"b":{"0":[0,0],"1":[0,0],"2":[1,0],"3":[0,0],"4":[0,0],"5":[0,0]},"_coverageSchema":"332fd63041d2c1bcb487cc26dd0d5f7d97098a6c","hash":"a8df70db87cbdebbd138474f50c75e22cbbecde0"}
}
