{"/Users/Jake/CodeFellows/giggle-react/frontend/src/reducer/auth.js": {"path":"/Users/Jake/CodeFellows/giggle-react/frontend/src/reducer/auth.js","statementMap":{"0":{"start":{"line":1,"column":0},"end":{"line":12,"column":2}},"1":{"start":{"line":2,"column":24},"end":{"line":2,"column":30}},"2":{"start":{"line":4,"column":2},"end":{"line":11,"column":3}},"3":{"start":{"line":6,"column":6},"end":{"line":6,"column":21}},"4":{"start":{"line":8,"column":6},"end":{"line":8,"column":18}},"5":{"start":{"line":10,"column":6},"end":{"line":10,"column":19}}},"fnMap":{"0":{"name":"(anonymous_0)","decl":{"start":{"line":1,"column":17},"end":{"line":1,"column":18}},"loc":{"start":{"line":1,"column":41},"end":{"line":12,"column":1}},"line":1}},"branchMap":{"0":{"loc":{"start":{"line":1,"column":18},"end":{"line":1,"column":28}},"type":"default-arg","locations":[{"start":{"line":1,"column":24},"end":{"line":1,"column":28}}],"line":1},"1":{"loc":{"start":{"line":4,"column":2},"end":{"line":11,"column":3}},"type":"switch","locations":[{"start":{"line":5,"column":4},"end":{"line":6,"column":21}},{"start":{"line":7,"column":4},"end":{"line":8,"column":18}},{"start":{"line":9,"column":4},"end":{"line":10,"column":19}}],"line":4}},"s":{"0":1,"1":3,"2":2,"3":1,"4":0,"5":1},"f":{"0":3},"b":{"0":[1],"1":[1,0,1]},"_coverageSchema":"332fd63041d2c1bcb487cc26dd0d5f7d97098a6c","hash":"aa286bc3e1dd5b394132c105fd46638abbb07934"}
,"/Users/Jake/CodeFellows/giggle-react/frontend/src/reducer/booking.js": {"path":"/Users/Jake/CodeFellows/giggle-react/frontend/src/reducer/booking.js","statementMap":{"0":{"start":{"line":2,"column":0},"end":{"line":18,"column":2}},"1":{"start":{"line":3,"column":24},"end":{"line":3,"column":30}},"2":{"start":{"line":5,"column":2},"end":{"line":17,"column":3}},"3":{"start":{"line":7,"column":6},"end":{"line":7,"column":21}},"4":{"start":{"line":9,"column":6},"end":{"line":9,"column":33}},"5":{"start":{"line":11,"column":6},"end":{"line":11,"column":37}},"6":{"start":{"line":12,"column":6},"end":{"line":14,"column":9}},"7":{"start":{"line":13,"column":8},"end":{"line":13,"column":63}},"8":{"start":{"line":16,"column":6},"end":{"line":16,"column":19}}},"fnMap":{"0":{"name":"(anonymous_0)","decl":{"start":{"line":2,"column":17},"end":{"line":2,"column":18}},"loc":{"start":{"line":2,"column":39},"end":{"line":18,"column":1}},"line":2},"1":{"name":"(anonymous_1)","decl":{"start":{"line":12,"column":23},"end":{"line":12,"column":24}},"loc":{"start":{"line":12,"column":34},"end":{"line":14,"column":7}},"line":12}},"branchMap":{"0":{"loc":{"start":{"line":2,"column":18},"end":{"line":2,"column":26}},"type":"default-arg","locations":[{"start":{"line":2,"column":24},"end":{"line":2,"column":26}}],"line":2},"1":{"loc":{"start":{"line":5,"column":2},"end":{"line":17,"column":3}},"type":"switch","locations":[{"start":{"line":6,"column":4},"end":{"line":7,"column":21}},{"start":{"line":8,"column":4},"end":{"line":9,"column":33}},{"start":{"line":10,"column":4},"end":{"line":14,"column":9}},{"start":{"line":15,"column":4},"end":{"line":16,"column":19}}],"line":5},"2":{"loc":{"start":{"line":13,"column":15},"end":{"line":13,"column":62}},"type":"cond-expr","locations":[{"start":{"line":13,"column":45},"end":{"line":13,"column":52}},{"start":{"line":13,"column":55},"end":{"line":13,"column":62}}],"line":13}},"s":{"0":1,"1":2,"2":2,"3":0,"4":1,"5":0,"6":0,"7":0,"8":1},"f":{"0":2,"1":0},"b":{"0":[1],"1":[0,1,0,1],"2":[0,0]},"_coverageSchema":"332fd63041d2c1bcb487cc26dd0d5f7d97098a6c","hash":"14e5284dddd216775e0ddb9481bf0e7e4f5fdd13"}
}
