TN:
SF:/Users/Jake/CodeFellows/giggle-react/frontend/src/reducer/auth.js
FN:1,(anonymous_0)
FNF:1
FNH:1
FNDA:3,(anonymous_0)
DA:1,1
DA:2,3
DA:4,2
DA:6,1
DA:8,0
DA:10,1
LF:6
LH:5
BRDA:1,0,0,1
BRDA:4,1,0,1
BRDA:4,1,1,0
BRDA:4,1,2,1
BRF:4
BRH:3
end_of_record
TN:
SF:/Users/Jake/CodeFellows/giggle-react/frontend/src/reducer/booking.js
FN:2,(anonymous_0)
FN:12,(anonymous_1)
FNF:2
FNH:1
FNDA:2,(anonymous_0)
FNDA:0,(anonymous_1)
DA:2,1
DA:3,2
DA:5,2
DA:7,0
DA:9,1
DA:11,0
DA:12,0
DA:13,0
DA:16,1
LF:9
LH:5
BRDA:2,0,0,1
BRDA:5,1,0,0
BRDA:5,1,1,1
BRDA:5,1,2,0
BRDA:5,1,3,1
BRDA:13,2,0,0
BRDA:13,2,1,0
BRF:7
BRH:3
end_of_record
